[0m07:14:52.987814 [debug] [MainThread]: Sending event: {'category': 'dbt', 'action': 'invocation', 'label': 'start', 'context': [<snowplow_tracker.self_describing_json.SelfDescribingJson object at 0x7fe5effa6e30>, <snowplow_tracker.self_describing_json.SelfDescribingJson object at 0x7fe5ee2d34f0>, <snowplow_tracker.self_describing_json.SelfDescribingJson object at 0x7fe5ee2d3490>]}


============================== 07:14:52.993673 | 93b831e7-e64d-4670-b32c-e42c00dd2500 ==============================
[0m07:14:52.993673 [info ] [MainThread]: Running with dbt=1.7.13
[0m07:14:52.994813 [debug] [MainThread]: running dbt with arguments {'printer_width': '80', 'indirect_selection': 'eager', 'write_json': 'True', 'log_cache_events': 'False', 'partial_parse': 'True', 'cache_selected_only': 'False', 'profiles_dir': '/home/mad4869/.dbt', 'debug': 'False', 'fail_fast': 'False', 'log_path': 'logs', 'version_check': 'True', 'warn_error': 'None', 'use_colors': 'True', 'use_experimental_parser': 'False', 'no_print': 'None', 'quiet': 'False', 'log_format': 'default', 'invocation_command': 'dbt init', 'warn_error_options': 'WarnErrorOptions(include=[], exclude=[])', 'introspect': 'True', 'target_path': 'None', 'static_parser': 'True', 'send_anonymous_usage_stats': 'True'}
[0m07:15:01.948531 [debug] [MainThread]: Starter project path: /home/mad4869/Documents/pacmann/data-storage/data-warehouse/dwh-venv/lib/python3.10/site-packages/dbt/include/starter_project
[0m07:15:01.966091 [info ] [MainThread]: 
Your new dbt project "dwh_dbt" was created!

For more information on how to configure the profiles.yml file,
please consult the dbt documentation here:

  https://docs.getdbt.com/docs/configure-your-profile

One more thing:

Need help? Don't hesitate to reach out to us via GitHub issues or on Slack:

  https://community.getdbt.com/

Happy modeling!

[0m07:15:01.967128 [info ] [MainThread]: Setting up your profile.
[0m07:16:32.239333 [info ] [MainThread]: Profile dwh_dbt written to /home/mad4869/.dbt/profiles.yml using target's profile_template.yml and your supplied values. Run 'dbt debug' to validate the connection.
[0m07:16:32.241546 [debug] [MainThread]: Resource report: {"command_name": "init", "command_success": true, "command_wall_clock_time": 99.34382, "process_user_time": 3.834797, "process_kernel_time": 0.200234, "process_mem_max_rss": "93300", "process_in_blocks": "7088", "process_out_blocks": "312"}
[0m07:16:32.242896 [debug] [MainThread]: Command `dbt init` succeeded at 07:16:32.242587 after 99.35 seconds
[0m07:16:32.243853 [debug] [MainThread]: Sending event: {'category': 'dbt', 'action': 'invocation', 'label': 'end', 'context': [<snowplow_tracker.self_describing_json.SelfDescribingJson object at 0x7fe5effa6e30>, <snowplow_tracker.self_describing_json.SelfDescribingJson object at 0x7fe5ee2d3850>, <snowplow_tracker.self_describing_json.SelfDescribingJson object at 0x7fe5ee2d3550>]}
[0m07:16:32.244811 [debug] [MainThread]: Flushing usage events
